# JRE version: OpenJDK Runtime Environment (17.0.6) (build 17.0.6+0-b2043.56-9586694)
# Java VM: OpenJDK 64-Bit Server VM (17.0.6+0-b2043.56-9586694, mixed mode, tiered, compressed oops, compressed class ptrs, g1 gc, windows-amd64)
GC Precious Log:
 CPUs: 12 total, 12 available
 Memory: 24434M
 Large Page Support: Disabled
 NUMA Support: Disabled
 Compressed Oops: Enabled (32-bit)
 Heap Region Size: 1M
 Heap Min Capacity: 8M
 Heap Initial Capacity: 382M
 Heap Max Capacity: 2G
 Pre-touch: Disabled
 Parallel Workers: 10
 Concurrent Workers: 3
 Concurrent Refinement Workers: 10
 Periodic GC: Disabled
Heap:
 garbage-first heap   total 339968K, used 234409K [0x0000000080000000, 0x0000000100000000)
  region size 1024K, 22 young (22528K), 6 survivors (6144K)
 Metaspace       used 125561K, committed 126528K, reserved 1163264K
  class space    used 16978K, committed 17408K, reserved 1048576K
GC Heap History (20 events):
Event: 9.839 GC heap before
{Heap before GC invocations=50 (full 0):
 garbage-first heap   total 254976K, used 180610K [0x0000000080000000, 0x0000000100000000)
  region size 1024K, 12 young (12288K), 9 survivors (9216K)
 Metaspace       used 89824K, committed 90560K, reserved 1130496K
  class space    used 12286K, committed 12608K, reserved 1048576K
}
Event: 9.846 GC heap after
{Heap after GC invocations=51 (full 0):
 garbage-first heap   total 254976K, used 178578K [0x0000000080000000, 0x0000000100000000)
  region size 1024K, 1 young (1024K), 1 survivors (1024K)
 Metaspace       used 89824K, committed 90560K, reserved 1130496K
  class space    used 12286K, committed 12608K, reserved 1048576K
}
Event: 10.399 GC heap before
{Heap before GC invocations=51 (full 0):
 garbage-first heap   total 254976K, used 214418K [0x0000000080000000, 0x0000000100000000)
  region size 1024K, 36 young (36864K), 1 survivors (1024K)
 Metaspace       used 95932K, committed 96704K, reserved 1138688K
  class space    used 13070K, committed 13440K, reserved 1048576K
}
Event: 10.403 GC heap after
{Heap after GC invocations=52 (full 0):
 garbage-first heap   total 254976K, used 179819K [0x0000000080000000, 0x0000000100000000)
  region size 1024K, 3 young (3072K), 3 survivors (3072K)
 Metaspace       used 95932K, committed 96704K, reserved 1138688K
  class space    used 13070K, committed 13440K, reserved 1048576K
}
Event: 11.023 GC heap before
{Heap before GC invocations=53 (full 0):
 garbage-first heap   total 309248K, used 215659K [0x0000000080000000, 0x0000000100000000)
  region size 1024K, 38 young (38912K), 3 survivors (3072K)
 Metaspace       used 100817K, committed 101568K, reserved 1138688K
  class space    used 13772K, committed 14144K, reserved 1048576K
}
Event: 11.026 GC heap after
{Heap after GC invocations=54 (full 0):
 garbage-first heap   total 309248K, used 182674K [0x0000000080000000, 0x0000000100000000)
  region size 1024K, 5 young (5120K), 5 survivors (5120K)
 Metaspace       used 100817K, committed 101568K, reserved 1138688K
  class space    used 13772K, committed 14144K, reserved 1048576K
}
Event: 11.147 GC heap before
{Heap before GC invocations=54 (full 0):
 garbage-first heap   total 309248K, used 191890K [0x0000000080000000, 0x0000000100000000)
  region size 1024K, 15 young (15360K), 5 survivors (5120K)
 Metaspace       used 102522K, committed 103296K, reserved 1138688K
  class space    used 13949K, committed 14336K, reserved 1048576K
}
Event: 11.151 GC heap after
{Heap after GC invocations=55 (full 0):
 garbage-first heap   total 309248K, used 183397K [0x0000000080000000, 0x0000000100000000)
  region size 1024K, 2 young (2048K), 2 survivors (2048K)
 Metaspace       used 102522K, committed 103296K, reserved 1138688K
  class space    used 13949K, committed 14336K, reserved 1048576K
}
Event: 11.734 GC heap before
{Heap before GC invocations=55 (full 0):
 garbage-first heap   total 309248K, used 247909K [0x0000000080000000, 0x0000000100000000)
  region size 1024K, 66 young (67584K), 2 survivors (2048K)
 Metaspace       used 104533K, committed 105344K, reserved 1146880K
  class space    used 14102K, committed 14464K, reserved 1048576K
}
Event: 11.738 GC heap after
{Heap after GC invocations=56 (full 0):
 garbage-first heap   total 309248K, used 188357K [0x0000000080000000, 0x0000000100000000)
  region size 1024K, 7 young (7168K), 7 survivors (7168K)
 Metaspace       used 104533K, committed 105344K, reserved 1146880K
  class space    used 14102K, committed 14464K, reserved 1048576K
}
Event: 12.277 GC heap before
{Heap before GC invocations=56 (full 0):
 garbage-first heap   total 309248K, used 253893K [0x0000000080000000, 0x0000000100000000)
  region size 1024K, 72 young (73728K), 7 survivors (7168K)
 Metaspace       used 107978K, committed 108800K, reserved 1146880K
  class space    used 14512K, committed 14912K, reserved 1048576K
}
Event: 12.282 GC heap after
{Heap after GC invocations=57 (full 0):
 garbage-first heap   total 309248K, used 193550K [0x0000000080000000, 0x0000000100000000)
  region size 1024K, 6 young (6144K), 6 survivors (6144K)
 Metaspace       used 107978K, committed 108800K, reserved 1146880K
  class space    used 14512K, committed 14912K, reserved 1048576K
}
Event: 41.505 GC heap before
{Heap before GC invocations=57 (full 0):
 garbage-first heap   total 309248K, used 256014K [0x0000000080000000, 0x0000000100000000)
  region size 1024K, 68 young (69632K), 6 survivors (6144K)
 Metaspace       used 110440K, committed 111296K, reserved 1146880K
  class space    used 14819K, committed 15232K, reserved 1048576K
}
Event: 41.512 GC heap after
{Heap after GC invocations=58 (full 0):
 garbage-first heap   total 309248K, used 199967K [0x0000000080000000, 0x0000000100000000)
  region size 1024K, 7 young (7168K), 7 survivors (7168K)
 Metaspace       used 110440K, committed 111296K, reserved 1146880K
  class space    used 14819K, committed 15232K, reserved 1048576K
}
Event: 42.283 GC heap before
{Heap before GC invocations=59 (full 0):
 garbage-first heap   total 339968K, used 270623K [0x0000000080000000, 0x0000000100000000)
  region size 1024K, 63 young (64512K), 7 survivors (7168K)
 Metaspace       used 116990K, committed 117888K, reserved 1155072K
  class space    used 15639K, committed 16064K, reserved 1048576K
}
Event: 42.287 GC heap after
{Heap after GC invocations=60 (full 0):
 garbage-first heap   total 339968K, used 214048K [0x0000000080000000, 0x0000000100000000)
  region size 1024K, 8 young (8192K), 8 survivors (8192K)
 Metaspace       used 116990K, committed 117888K, reserved 1155072K
  class space    used 15639K, committed 16064K, reserved 1048576K
}
Event: 42.356 GC heap before
{Heap before GC invocations=60 (full 0):
 garbage-first heap   total 339968K, used 222240K [0x0000000080000000, 0x0000000100000000)
  region size 1024K, 16 young (16384K), 8 survivors (8192K)
 Metaspace       used 117725K, committed 118656K, reserved 1155072K
  class space    used 15728K, committed 16192K, reserved 1048576K
}
Event: 42.359 GC heap after
{Heap after GC invocations=61 (full 0):
 garbage-first heap   total 339968K, used 214719K [0x0000000080000000, 0x0000000100000000)
  region size 1024K, 2 young (2048K), 2 survivors (2048K)
 Metaspace       used 117725K, committed 118656K, reserved 1155072K
  class space    used 15728K, committed 16192K, reserved 1048576K
}
Event: 42.959 GC heap before
{Heap before GC invocations=61 (full 0):
 garbage-first heap   total 339968K, used 282303K [0x0000000080000000, 0x0000000100000000)
  region size 1024K, 67 young (68608K), 2 survivors (2048K)
 Metaspace       used 122808K, committed 123776K, reserved 1163264K
  class space    used 16404K, committed 16832K, reserved 1048576K
}
Event: 42.962 GC heap after
{Heap after GC invocations=62 (full 0):
 garbage-first heap   total 339968K, used 219049K [0x0000000080000000, 0x0000000100000000)
  region size 1024K, 6 young (6144K), 6 survivors (6144K)
 Metaspace       used 122808K, committed 123776K, reserved 1163264K
  class space    used 16404K, committed 16832K, reserved 1048576K
}

